#! /usr/bin/vvp
:ivl_version "12.0 (stable)";
:ivl_delay_selection "TYPICAL";
:vpi_time_precision - 12;
:vpi_module "/usr/lib/x86_64-linux-gnu/ivl/system.vpi";
:vpi_module "/usr/lib/x86_64-linux-gnu/ivl/vhdl_sys.vpi";
:vpi_module "/usr/lib/x86_64-linux-gnu/ivl/vhdl_textio.vpi";
:vpi_module "/usr/lib/x86_64-linux-gnu/ivl/v2005_math.vpi";
:vpi_module "/usr/lib/x86_64-linux-gnu/ivl/va_math.vpi";
S_0x58d4a87039f0 .scope module, "tb_traffic" "tb_traffic" 2 3;
 .timescale -9 -12;
v0x58d4a87230a0_0 .var "clk", 0 0;
v0x58d4a8723190_0 .net "ew_green", 0 0, v0x58d4a86e96e0_0;  1 drivers
v0x58d4a8723250_0 .net "ew_red", 0 0, v0x58d4a86e97e0_0;  1 drivers
v0x58d4a8723350_0 .net "ew_yellow", 0 0, v0x58d4a8722090_0;  1 drivers
v0x58d4a8723420_0 .var "extension", 0 0;
v0x58d4a8723510_0 .net "ns_green", 0 0, v0x58d4a8722260_0;  1 drivers
v0x58d4a87235e0_0 .net "ns_red", 0 0, v0x58d4a8722320_0;  1 drivers
v0x58d4a87236b0_0 .net "ns_yellow", 0 0, v0x58d4a87223e0_0;  1 drivers
v0x58d4a8723780_0 .var "reset", 0 0;
v0x58d4a8723820_0 .net "tick", 0 0, v0x58d4a8722fb0_0;  1 drivers
E_0x58d4a87084e0 .event posedge, v0x58d4a8722800_0;
S_0x58d4a8703b80 .scope module, "dut" "traffic" 2 22, 3 1 0, S_0x58d4a87039f0;
 .timescale 0 0;
    .port_info 0 /INPUT 1 "clk";
    .port_info 1 /INPUT 1 "reset";
    .port_info 2 /INPUT 1 "tick";
    .port_info 3 /INPUT 1 "extension";
    .port_info 4 /OUTPUT 1 "ns_green";
    .port_info 5 /OUTPUT 1 "ns_yellow";
    .port_info 6 /OUTPUT 1 "ns_red";
    .port_info 7 /OUTPUT 1 "ew_green";
    .port_info 8 /OUTPUT 1 "ew_yellow";
    .port_info 9 /OUTPUT 1 "ew_red";
v0x58d4a86ef5d0_0 .net "clk", 0 0, v0x58d4a87230a0_0;  1 drivers
v0x58d4a86ef930_0 .var "counter", 4 0;
v0x58d4a86e96e0_0 .var "ew_green", 0 0;
v0x58d4a86e97e0_0 .var "ew_red", 0 0;
v0x58d4a8722090_0 .var "ew_yellow", 0 0;
v0x58d4a87221a0_0 .net "extension", 0 0, v0x58d4a8723420_0;  1 drivers
v0x58d4a8722260_0 .var "ns_green", 0 0;
v0x58d4a8722320_0 .var "ns_red", 0 0;
v0x58d4a87223e0_0 .var "ns_yellow", 0 0;
v0x58d4a87224a0_0 .net "reset", 0 0, v0x58d4a8723780_0;  1 drivers
v0x58d4a8722560_0 .var "t1", 4 0;
v0x58d4a8722640_0 .var "t2", 4 0;
v0x58d4a8722720_0 .var "t3", 4 0;
v0x58d4a8722800_0 .net "tick", 0 0, v0x58d4a8722fb0_0;  alias, 1 drivers
E_0x58d4a8708380 .event posedge, v0x58d4a87224a0_0, v0x58d4a86ef5d0_0;
S_0x58d4a8722a60 .scope module, "tickgen" "tick1s" 2 16, 4 1 0, S_0x58d4a87039f0;
 .timescale 0 0;
    .port_info 0 /INPUT 1 "clk";
    .port_info 1 /INPUT 1 "reset";
    .port_info 2 /OUTPUT 1 "tick";
P_0x58d4a8722c10 .param/l "maxval" 1 4 7, +C4<000000000000000000000000000110001>;
v0x58d4a8722d90_0 .net "clk", 0 0, v0x58d4a87230a0_0;  alias, 1 drivers
v0x58d4a8722e50_0 .var "counter", 27 0;
v0x58d4a8722f10_0 .net "reset", 0 0, v0x58d4a8723780_0;  alias, 1 drivers
v0x58d4a8722fb0_0 .var "tick", 0 0;
    .scope S_0x58d4a8722a60;
T_0 ;
    %pushi/vec4 0, 0, 28;
    %store/vec4 v0x58d4a8722e50_0, 0, 28;
    %end;
    .thread T_0;
    .scope S_0x58d4a8722a60;
T_1 ;
    %wait E_0x58d4a8708380;
    %load/vec4 v0x58d4a8722f10_0;
    %flag_set/vec4 8;
    %jmp/0xz  T_1.0, 8;
    %pushi/vec4 0, 0, 28;
    %assign/vec4 v0x58d4a8722e50_0, 0;
    %pushi/vec4 0, 0, 1;
    %assign/vec4 v0x58d4a8722fb0_0, 0;
    %jmp T_1.1;
T_1.0 ;
    %load/vec4 v0x58d4a8722e50_0;
    %pad/u 33;
    %cmpi/u 49, 0, 33;
    %jmp/0xz  T_1.2, 5;
    %load/vec4 v0x58d4a8722e50_0;
    %addi 1, 0, 28;
    %assign/vec4 v0x58d4a8722e50_0, 0;
    %pushi/vec4 0, 0, 1;
    %assign/vec4 v0x58d4a8722fb0_0, 0;
    %jmp T_1.3;
T_1.2 ;
    %load/vec4 v0x58d4a8722e50_0;
    %pad/u 33;
    %cmpi/e 49, 0, 33;
    %jmp/0xz  T_1.4, 4;
    %pushi/vec4 1, 0, 1;
    %assign/vec4 v0x58d4a8722fb0_0, 0;
    %pushi/vec4 0, 0, 28;
    %assign/vec4 v0x58d4a8722e50_0, 0;
T_1.4 ;
T_1.3 ;
T_1.1 ;
    %jmp T_1;
    .thread T_1;
    .scope S_0x58d4a8703b80;
T_2 ;
    %pushi/vec4 10, 0, 5;
    %store/vec4 v0x58d4a8722560_0, 0, 5;
    %pushi/vec4 13, 0, 5;
    %store/vec4 v0x58d4a8722640_0, 0, 5;
    %pushi/vec4 23, 0, 5;
    %store/vec4 v0x58d4a8722720_0, 0, 5;
    %end;
    .thread T_2;
    .scope S_0x58d4a8703b80;
T_3 ;
    %pushi/vec4 1, 0, 1;
    %store/vec4 v0x58d4a8722260_0, 0, 1;
    %pushi/vec4 0, 0, 1;
    %store/vec4 v0x58d4a87223e0_0, 0, 1;
    %pushi/vec4 0, 0, 1;
    %store/vec4 v0x58d4a8722320_0, 0, 1;
    %pushi/vec4 0, 0, 1;
    %store/vec4 v0x58d4a86e96e0_0, 0, 1;
    %pushi/vec4 1, 0, 1;
    %store/vec4 v0x58d4a86e97e0_0, 0, 1;
    %pushi/vec4 0, 0, 1;
    %store/vec4 v0x58d4a8722090_0, 0, 1;
    %end;
    .thread T_3;
    .scope S_0x58d4a8703b80;
T_4 ;
    %pushi/vec4 1, 0, 5;
    %store/vec4 v0x58d4a86ef930_0, 0, 5;
    %end;
    .thread T_4;
    .scope S_0x58d4a8703b80;
T_5 ;
    %wait E_0x58d4a8708380;
    %load/vec4 v0x58d4a87224a0_0;
    %flag_set/vec4 8;
    %jmp/0xz  T_5.0, 8;
    %pushi/vec4 1, 0, 5;
    %assign/vec4 v0x58d4a86ef930_0, 0;
    %pushi/vec4 10, 0, 5;
    %assign/vec4 v0x58d4a8722560_0, 0;
    %pushi/vec4 13, 0, 5;
    %assign/vec4 v0x58d4a8722640_0, 0;
    %pushi/vec4 23, 0, 5;
    %assign/vec4 v0x58d4a8722720_0, 0;
    %jmp T_5.1;
T_5.0 ;
    %load/vec4 v0x58d4a8722800_0;
    %flag_set/vec4 8;
    %jmp/0xz  T_5.2, 8;
    %load/vec4 v0x58d4a87221a0_0;
    %flag_set/vec4 9;
    %flag_get/vec4 9;
    %jmp/0 T_5.6, 9;
    %load/vec4 v0x58d4a86ef930_0;
    %load/vec4 v0x58d4a8722560_0;
    %cmp/u;
    %flag_get/vec4 4;
    %flag_get/vec4 5;
    %or;
    %and;
T_5.6;
    %flag_set/vec4 8;
    %jmp/0xz  T_5.4, 8;
    %load/vec4 v0x58d4a8722560_0;
    %addi 5, 0, 5;
    %assign/vec4 v0x58d4a8722560_0, 0;
    %load/vec4 v0x58d4a8722560_0;
    %addi 8, 0, 5;
    %assign/vec4 v0x58d4a8722640_0, 0;
    %load/vec4 v0x58d4a8722560_0;
    %addi 18, 0, 5;
    %assign/vec4 v0x58d4a8722720_0, 0;
T_5.4 ;
    %load/vec4 v0x58d4a86ef930_0;
    %load/vec4 v0x58d4a8722560_0;
    %cmp/u;
    %flag_or 5, 4;
    %jmp/0xz  T_5.7, 5;
    %load/vec4 v0x58d4a86ef930_0;
    %addi 1, 0, 5;
    %assign/vec4 v0x58d4a86ef930_0, 0;
    %pushi/vec4 1, 0, 1;
    %assign/vec4 v0x58d4a8722260_0, 0;
    %pushi/vec4 0, 0, 1;
    %assign/vec4 v0x58d4a87223e0_0, 0;
    %pushi/vec4 0, 0, 1;
    %assign/vec4 v0x58d4a8722320_0, 0;
    %pushi/vec4 0, 0, 1;
    %assign/vec4 v0x58d4a86e96e0_0, 0;
    %pushi/vec4 0, 0, 1;
    %assign/vec4 v0x58d4a8722090_0, 0;
    %pushi/vec4 1, 0, 1;
    %assign/vec4 v0x58d4a86e97e0_0, 0;
    %jmp T_5.8;
T_5.7 ;
    %load/vec4 v0x58d4a86ef930_0;
    %load/vec4 v0x58d4a8722640_0;
    %cmp/u;
    %flag_or 5, 4;
    %jmp/0xz  T_5.9, 5;
    %load/vec4 v0x58d4a86ef930_0;
    %addi 1, 0, 5;
    %assign/vec4 v0x58d4a86ef930_0, 0;
    %pushi/vec4 0, 0, 1;
    %assign/vec4 v0x58d4a8722260_0, 0;
    %pushi/vec4 1, 0, 1;
    %assign/vec4 v0x58d4a87223e0_0, 0;
    %pushi/vec4 0, 0, 1;
    %assign/vec4 v0x58d4a8722320_0, 0;
    %pushi/vec4 0, 0, 1;
    %assign/vec4 v0x58d4a86e96e0_0, 0;
    %pushi/vec4 0, 0, 1;
    %assign/vec4 v0x58d4a8722090_0, 0;
    %pushi/vec4 1, 0, 1;
    %assign/vec4 v0x58d4a86e97e0_0, 0;
    %jmp T_5.10;
T_5.9 ;
    %load/vec4 v0x58d4a86ef930_0;
    %load/vec4 v0x58d4a8722720_0;
    %cmp/u;
    %flag_or 5, 4;
    %jmp/0xz  T_5.11, 5;
    %load/vec4 v0x58d4a86ef930_0;
    %addi 1, 0, 5;
    %assign/vec4 v0x58d4a86ef930_0, 0;
    %pushi/vec4 0, 0, 1;
    %assign/vec4 v0x58d4a8722260_0, 0;
    %pushi/vec4 0, 0, 1;
    %assign/vec4 v0x58d4a87223e0_0, 0;
    %pushi/vec4 1, 0, 1;
    %assign/vec4 v0x58d4a8722320_0, 0;
    %pushi/vec4 1, 0, 1;
    %assign/vec4 v0x58d4a86e96e0_0, 0;
    %pushi/vec4 0, 0, 1;
    %assign/vec4 v0x58d4a8722090_0, 0;
    %pushi/vec4 0, 0, 1;
    %assign/vec4 v0x58d4a86e97e0_0, 0;
    %jmp T_5.12;
T_5.11 ;
    %load/vec4 v0x58d4a86ef930_0;
    %pad/u 32;
    %load/vec4 v0x58d4a8722720_0;
    %pad/u 32;
    %addi 3, 0, 32;
    %cmp/u;
    %flag_or 5, 4;
    %jmp/0xz  T_5.13, 5;
    %load/vec4 v0x58d4a86ef930_0;
    %addi 1, 0, 5;
    %assign/vec4 v0x58d4a86ef930_0, 0;
    %pushi/vec4 0, 0, 1;
    %assign/vec4 v0x58d4a8722260_0, 0;
    %pushi/vec4 0, 0, 1;
    %assign/vec4 v0x58d4a87223e0_0, 0;
    %pushi/vec4 1, 0, 1;
    %assign/vec4 v0x58d4a8722320_0, 0;
    %pushi/vec4 0, 0, 1;
    %assign/vec4 v0x58d4a86e96e0_0, 0;
    %pushi/vec4 1, 0, 1;
    %assign/vec4 v0x58d4a8722090_0, 0;
    %pushi/vec4 0, 0, 1;
    %assign/vec4 v0x58d4a86e97e0_0, 0;
    %jmp T_5.14;
T_5.13 ;
    %pushi/vec4 1, 0, 5;
    %assign/vec4 v0x58d4a86ef930_0, 0;
    %pushi/vec4 10, 0, 5;
    %assign/vec4 v0x58d4a8722560_0, 0;
    %pushi/vec4 13, 0, 5;
    %assign/vec4 v0x58d4a8722640_0, 0;
    %pushi/vec4 23, 0, 5;
    %assign/vec4 v0x58d4a8722720_0, 0;
T_5.14 ;
T_5.12 ;
T_5.10 ;
T_5.8 ;
T_5.2 ;
T_5.1 ;
    %jmp T_5;
    .thread T_5;
    .scope S_0x58d4a87039f0;
T_6 ;
    %pushi/vec4 0, 0, 1;
    %store/vec4 v0x58d4a87230a0_0, 0, 1;
    %pushi/vec4 1, 0, 1;
    %store/vec4 v0x58d4a8723780_0, 0, 1;
    %pushi/vec4 0, 0, 1;
    %store/vec4 v0x58d4a8723420_0, 0, 1;
    %end;
    .thread T_6;
    .scope S_0x58d4a87039f0;
T_7 ;
    %delay 5000, 0;
    %load/vec4 v0x58d4a87230a0_0;
    %inv;
    %store/vec4 v0x58d4a87230a0_0, 0, 1;
    %jmp T_7;
    .thread T_7;
    .scope S_0x58d4a87039f0;
T_8 ;
    %vpi_call 2 36 "$dumpfile", "traffic.vcd" {0 0 0};
    %vpi_call 2 37 "$dumpvars", 32'sb00000000000000000000000000000000, S_0x58d4a87039f0 {0 0 0};
    %delay 100000, 0;
    %pushi/vec4 0, 0, 1;
    %store/vec4 v0x58d4a8723780_0, 0, 1;
    %pushi/vec4 5, 0, 32;
T_8.0 %dup/vec4;
    %pushi/vec4 0, 0, 32;
    %cmp/s;
    %jmp/1xz T_8.1, 5;
    %jmp/1 T_8.1, 4;
    %pushi/vec4 1, 0, 32;
    %sub;
    %wait E_0x58d4a87084e0;
    %jmp T_8.0;
T_8.1 ;
    %pop/vec4 1;
    %pushi/vec4 1, 0, 1;
    %store/vec4 v0x58d4a8723420_0, 0, 1;
    %wait E_0x58d4a87084e0;
    %pushi/vec4 0, 0, 1;
    %store/vec4 v0x58d4a8723420_0, 0, 1;
    %pushi/vec4 20, 0, 32;
T_8.2 %dup/vec4;
    %pushi/vec4 0, 0, 32;
    %cmp/s;
    %jmp/1xz T_8.3, 5;
    %jmp/1 T_8.3, 4;
    %pushi/vec4 1, 0, 32;
    %sub;
    %wait E_0x58d4a87084e0;
    %jmp T_8.2;
T_8.3 ;
    %pop/vec4 1;
    %vpi_call 2 49 "$finish" {0 0 0};
    %end;
    .thread T_8;
# The file index is used to find the file name in the following table.
:file_names 5;
    "N/A";
    "<interactive>";
    "tb_traffic.v";
    "traffic.v";
    "tick1s.v";
